<?xml version="1.0" encoding="UTF-8"?>
<!-- Generated by org.testng.reporters.JUnitReportReporter -->
<testsuite hostname="OCUCOPC0918" name="com.cucumberFramework.testRunner.TestRunner1" tests="1" failures="0" timestamp="9 Apr 2023 18:19:46 GMT" time="14.989" errors="0">
  <testcase name="feature" time="14.989" classname="com.cucumberFramework.testRunner.TestRunner1"/>
</testsuite> <!-- com.cucumberFramework.testRunner.TestRunner1 -->
