<?xml version="1.0" encoding="UTF-8"?>
<!-- Generated by org.testng.reporters.JUnitReportReporter -->
<testsuite hostname="OCUCOPC0918" name="com.cucumberFramework.testRunner.TestRunner2" tests="1" failures="0" timestamp="9 Apr 2023 05:49:49 GMT" time="9.292" errors="0">
  <testcase name="feature" time="9.292" classname="com.cucumberFramework.testRunner.TestRunner2"/>
</testsuite> <!-- com.cucumberFramework.testRunner.TestRunner2 -->
